<?xml version="1.0" encoding="UTF-8"?>
<testng-results ignored="0" total="1" passed="1" failed="0" skipped="0">
  <reporter-output>
  </reporter-output>
  <suite started-at="2018-02-25T11:24:42Z" name="Default suite" finished-at="2018-02-25T11:25:15Z" duration-ms="32961">
    <groups>
    </groups>
    <test started-at="2018-02-25T11:24:42Z" name="Default test" finished-at="2018-02-25T11:25:15Z" duration-ms="32961">
      <class name="GITTest.GITTest">
        <test-method signature="loginTest()[pri:0, instance:GITTest.GITTest@2b91004a]" started-at="2018-02-25T11:24:42Z" name="loginTest" finished-at="2018-02-25T11:25:15Z" duration-ms="32853" status="PASS">
          <reporter-output>
          </reporter-output>
        </test-method> <!-- loginTest -->
      </class> <!-- GITTest.GITTest -->
    </test> <!-- Default test -->
  </suite> <!-- Default suite -->
</testng-results>
